<?xml version="1.0" encoding="UTF-8"?>
<!-- Generated by org.testng.reporters.JUnitXMLReporter -->
<testsuite hostname="Tharmai7" ignored="0" name="Default test" tests="2" failures="0" timestamp="2020-01-27T10:48:33 EST" time="30.928" errors="0">
  <testcase name="testNewCutomerPage" time="2.493" classname="guru99.demoBank.PageFactory.Test99GuruLoginWithPageFactory"/>
  <testcase name="test_Home_Page_Appear_Correct" time="1.317" classname="guru99.demoBank.PageFactory.Test99GuruLoginWithPageFactory"/>
</testsuite> <!-- Default test -->
