<?xml version="1.0" encoding="UTF-8"?>
<testng-results skipped="0" failed="0" ignored="0" total="2" passed="2">
  <reporter-output>
  </reporter-output>
  <suite name="Default suite" duration-ms="43149" started-at="2020-01-19T19:28:52 EST" finished-at="2020-01-19T19:29:35 EST">
    <groups>
    </groups>
    <test name="Default test" duration-ms="43149" started-at="2020-01-19T19:28:52 EST" finished-at="2020-01-19T19:29:35 EST">
      <class name="SeleniumTest">
        <test-method status="PASS" signature="WebDriverMangerTest()[pri:0, instance:SeleniumTest@15d0c81b]" name="WebDriverMangerTest" duration-ms="34602" started-at="2020-01-19T19:28:52 EST" finished-at="2020-01-19T19:29:27 EST">
          <reporter-output>
          </reporter-output>
        </test-method> <!-- WebDriverMangerTest -->
        <test-method status="PASS" signature="WebDriverTest()[pri:0, instance:SeleniumTest@15d0c81b]" name="WebDriverTest" duration-ms="8500" started-at="2020-01-19T19:29:27 EST" finished-at="2020-01-19T19:29:35 EST">
          <reporter-output>
          </reporter-output>
        </test-method> <!-- WebDriverTest -->
      </class> <!-- SeleniumTest -->
    </test> <!-- Default test -->
  </suite> <!-- Default suite -->
</testng-results>
