<?xml version="1.0" encoding="UTF-8"?>
<testng-results skipped="0" failed="0" ignored="0" total="1" passed="1">
  <reporter-output>
  </reporter-output>
  <suite name="Default suite" duration-ms="58" started-at="2020-01-10T15:36:53 EST" finished-at="2020-01-10T15:36:53 EST">
    <groups>
    </groups>
    <test name="Default test" duration-ms="58" started-at="2020-01-10T15:36:53 EST" finished-at="2020-01-10T15:36:53 EST">
      <class name="ExtentTestNGReportBuilder">
        <test-method status="PASS" signature="setup()[pri:0, instance:ExtentTestNGReportBuilder@74650e52]" name="setup" is-config="true" duration-ms="223" started-at="2020-01-10T15:36:53 EST" finished-at="2020-01-10T15:36:53 EST">
          <reporter-output>
          </reporter-output>
        </test-method> <!-- setup -->
        <test-method status="PASS" signature="test1()[pri:0, instance:ExtentTestNGReportBuilder@74650e52]" name="test1" duration-ms="15" started-at="2020-01-10T15:36:53 EST" finished-at="2020-01-10T15:36:53 EST">
          <reporter-output>
          </reporter-output>
        </test-method> <!-- test1 -->
        <test-method status="PASS" signature="teatDown()[pri:0, instance:ExtentTestNGReportBuilder@74650e52]" name="teatDown" is-config="true" duration-ms="497" started-at="2020-01-10T15:36:53 EST" finished-at="2020-01-10T15:36:54 EST">
          <reporter-output>
          </reporter-output>
        </test-method> <!-- teatDown -->
      </class> <!-- ExtentTestNGReportBuilder -->
    </test> <!-- Default test -->
  </suite> <!-- Default suite -->
</testng-results>
